mode: set
be13/ca/features/user/service/logic.go:15.63,20.2 1 1
be13/ca/features/user/service/logic.go:23.65,29.71 2 1
be13/ca/features/user/service/logic.go:32.2,33.22 2 1
be13/ca/features/user/service/logic.go:36.2,36.12 1 1
be13/ca/features/user/service/logic.go:29.71,31.3 1 1
be13/ca/features/user/service/logic.go:33.22,35.3 1 1
be13/ca/features/user/service/logic.go:40.68,44.2 2 1
be13/ca/features/user/service/logic.go:46.73,48.19 2 1
be13/ca/features/user/service/logic.go:51.2,51.18 1 1
be13/ca/features/user/service/logic.go:48.19,50.3 1 1
be13/ca/features/user/service/logic.go:54.60,56.19 2 1
be13/ca/features/user/service/logic.go:59.2,59.12 1 1
be13/ca/features/user/service/logic.go:56.19,58.3 1 1
be13/ca/features/user/service/logic.go:62.80,64.22 2 1
be13/ca/features/user/service/logic.go:67.2,67.12 1 1
be13/ca/features/user/service/logic.go:64.22,66.3 1 1
